130909 15:39:42 [Note] Plugin 'FEDERATED' is disabled.
130909 15:39:42 InnoDB: The InnoDB memory heap is disabled
130909 15:39:42 InnoDB: Mutexes and rw_locks use Windows interlocked functions
130909 15:39:42 InnoDB: Compressed tables use zlib 1.2.3
130909 15:39:42 InnoDB: Initializing buffer pool, size = 128.0M
130909 15:39:42 InnoDB: Completed initialization of buffer pool
InnoDB: The first specified data file .\ibdata1 did not exist:
InnoDB: a new database to be created!
130909 15:39:42  InnoDB: Setting file .\ibdata1 size to 10 MB
InnoDB: Database physically writes the file full: wait...
130909 15:39:43  InnoDB: Log file .\ib_logfile0 did not exist: new to be created
InnoDB: Setting log file .\ib_logfile0 size to 5 MB
InnoDB: Database physically writes the file full: wait...
130909 15:39:44  InnoDB: Log file .\ib_logfile1 did not exist: new to be created
InnoDB: Setting log file .\ib_logfile1 size to 5 MB
InnoDB: Database physically writes the file full: wait...
InnoDB: Doublewrite buffer not found: creating new
InnoDB: Doublewrite buffer created
InnoDB: 127 rollback segment(s) active.
InnoDB: Creating foreign key constraint system tables
InnoDB: Foreign key constraint system tables created
130909 15:39:45  InnoDB: Waiting for the background threads to start
130909 15:39:47 InnoDB: 1.1.5 started; log sequence number 0
130909 15:39:47 [Note] Event Scheduler: Loaded 0 events
130909 15:39:47 [Note] C:\Users\bonnardel.a\Desktop\gsb_projet\UwAmp\bin\database\mysql-5.5.9\bin\mysqld.exe: ready for connections.
Version: '5.5.9-log'  socket: ''  port: 3306  MySQL Community Server (GPL)
130909 16:12:10 [Note] Plugin 'FEDERATED' is disabled.
130909 16:12:10 InnoDB: The InnoDB memory heap is disabled
130909 16:12:10 InnoDB: Mutexes and rw_locks use Windows interlocked functions
130909 16:12:10 InnoDB: Compressed tables use zlib 1.2.3
130909 16:12:10 InnoDB: Initializing buffer pool, size = 128.0M
130909 16:12:10 InnoDB: Completed initialization of buffer pool
130909 16:12:10 InnoDB: highest supported file format is Barracuda.
InnoDB: The log sequence number in ibdata files does not match
InnoDB: the log sequence number in the ib_logfiles!
130909 16:12:10  InnoDB: Database was not shut down normally!
InnoDB: Starting crash recovery.
InnoDB: Reading tablespace information from the .ibd files...
InnoDB: Restoring possible half-written data pages from the doublewrite
InnoDB: buffer...
130909 16:12:11  InnoDB: Waiting for the background threads to start
130909 16:12:12 InnoDB: 1.1.5 started; log sequence number 1595675
130909 16:12:13 [Note] Recovering after a crash using mysql-bin
130909 16:12:13 [Note] Starting crash recovery...
130909 16:12:13 [Note] Crash recovery finished.
130909 16:12:14 [Note] Event Scheduler: Loaded 0 events
130909 16:12:14 [Note] F:\gsb_projet\UwAmp\bin\database\mysql-5.5.9\bin\mysqld.exe: ready for connections.
Version: '5.5.9-log'  socket: ''  port: 3306  MySQL Community Server (GPL)
130909 16:49:16 [Note] F:\gsb_projet\UwAmp\bin\database\mysql-5.5.9\bin\mysqld.exe: Normal shutdown

130909 16:49:16 [Note] Event Scheduler: Purging the queue. 0 events
130909 16:49:19  InnoDB: Starting shutdown...
130909 16:49:20  InnoDB: Shutdown completed; log sequence number 1660213
130909 16:49:20 [Note] F:\gsb_projet\UwAmp\bin\database\mysql-5.5.9\bin\mysqld.exe: Shutdown complete

130909 16:49:25 [Note] Plugin 'FEDERATED' is disabled.
130909 16:49:25 InnoDB: The InnoDB memory heap is disabled
130909 16:49:25 InnoDB: Mutexes and rw_locks use Windows interlocked functions
130909 16:49:25 InnoDB: Compressed tables use zlib 1.2.3
130909 16:49:25 InnoDB: Initializing buffer pool, size = 128.0M
130909 16:49:25 InnoDB: Completed initialization of buffer pool
130909 16:49:25 InnoDB: highest supported file format is Barracuda.
130909 16:49:27  InnoDB: Waiting for the background threads to start
130909 16:49:28 InnoDB: 1.1.5 started; log sequence number 1660213
130909 16:49:30 [Note] Event Scheduler: Loaded 0 events
130909 16:49:30 [Note] F:\gsb_projet\UwAmp\bin\database\mysql-5.5.9\bin\mysqld.exe: ready for connections.
Version: '5.5.9-log'  socket: ''  port: 3306  MySQL Community Server (GPL)
130909 16:57:17 [Note] F:\gsb_projet\UwAmp\bin\database\mysql-5.5.9\bin\mysqld.exe: Normal shutdown

130909 16:57:17 [Note] Event Scheduler: Purging the queue. 0 events
130909 16:57:18  InnoDB: Starting shutdown...
130909 16:57:19  InnoDB: Shutdown completed; log sequence number 1660213
130909 16:57:20 [Note] F:\gsb_projet\UwAmp\bin\database\mysql-5.5.9\bin\mysqld.exe: Shutdown complete

130909 16:57:24 [Note] Plugin 'FEDERATED' is disabled.
130909 16:57:24 InnoDB: The InnoDB memory heap is disabled
130909 16:57:24 InnoDB: Mutexes and rw_locks use Windows interlocked functions
130909 16:57:24 InnoDB: Compressed tables use zlib 1.2.3
130909 16:57:24 InnoDB: Initializing buffer pool, size = 128.0M
130909 16:57:24 InnoDB: Completed initialization of buffer pool
130909 16:57:24 InnoDB: highest supported file format is Barracuda.
130909 16:57:26  InnoDB: Waiting for the background threads to start
130909 16:57:27 InnoDB: 1.1.5 started; log sequence number 1660213
130909 16:57:29 [Note] Event Scheduler: Loaded 0 events
130909 16:57:29 [Note] F:\gsb_projet\UwAmp\bin\database\mysql-5.5.9\bin\mysqld.exe: ready for connections.
Version: '5.5.9-log'  socket: ''  port: 3306  MySQL Community Server (GPL)
130909 16:58:35 [Note] F:\gsb_projet\UwAmp\bin\database\mysql-5.5.9\bin\mysqld.exe: Normal shutdown

130909 16:58:35 [Note] Event Scheduler: Purging the queue. 0 events
130909 16:58:36  InnoDB: Starting shutdown...
130909 16:58:38  InnoDB: Shutdown completed; log sequence number 1660223
130909 16:58:39 [Note] F:\gsb_projet\UwAmp\bin\database\mysql-5.5.9\bin\mysqld.exe: Shutdown complete

130909 16:58:45 [Note] Plugin 'FEDERATED' is disabled.
130909 16:58:45 InnoDB: The InnoDB memory heap is disabled
130909 16:58:45 InnoDB: Mutexes and rw_locks use Windows interlocked functions
130909 16:58:45 InnoDB: Compressed tables use zlib 1.2.3
130909 16:58:45 InnoDB: Initializing buffer pool, size = 128.0M
130909 16:58:45 InnoDB: Completed initialization of buffer pool
130909 16:58:45 InnoDB: highest supported file format is Barracuda.
130909 16:58:46  InnoDB: Waiting for the background threads to start
130909 16:58:47 InnoDB: 1.1.5 started; log sequence number 1660223
130909 16:58:49 [Note] Event Scheduler: Loaded 0 events
130909 16:58:49 [Note] F:\gsb_projet\UwAmp\bin\database\mysql-5.5.9\bin\mysqld.exe: ready for connections.
Version: '5.5.9-log'  socket: ''  port: 3306  MySQL Community Server (GPL)
130909 16:58:54 [Note] F:\gsb_projet\UwAmp\bin\database\mysql-5.5.9\bin\mysqld.exe: Normal shutdown

130909 16:58:54 [Note] Event Scheduler: Purging the queue. 0 events
130909 16:58:54  InnoDB: Starting shutdown...
130909 16:58:55  InnoDB: Shutdown completed; log sequence number 1660223
130909 16:58:56 [Note] F:\gsb_projet\UwAmp\bin\database\mysql-5.5.9\bin\mysqld.exe: Shutdown complete

130909 16:59:03 [Note] Plugin 'FEDERATED' is disabled.
130909 16:59:03 InnoDB: The InnoDB memory heap is disabled
130909 16:59:03 InnoDB: Mutexes and rw_locks use Windows interlocked functions
130909 16:59:03 InnoDB: Compressed tables use zlib 1.2.3
130909 16:59:03 InnoDB: Initializing buffer pool, size = 128.0M
130909 16:59:03 InnoDB: Completed initialization of buffer pool
130909 16:59:03 InnoDB: highest supported file format is Barracuda.
130909 16:59:05  InnoDB: Waiting for the background threads to start
130909 16:59:06 InnoDB: 1.1.5 started; log sequence number 1660223
130909 16:59:08 [Note] Event Scheduler: Loaded 0 events
130909 16:59:08 [Note] F:\gsb_projet\UwAmp\bin\database\mysql-5.5.9\bin\mysqld.exe: ready for connections.
Version: '5.5.9-log'  socket: ''  port: 3306  MySQL Community Server (GPL)
130910 15:51:26 [Note] Plugin 'FEDERATED' is disabled.
130910 15:51:27 InnoDB: The InnoDB memory heap is disabled
130910 15:51:27 InnoDB: Mutexes and rw_locks use Windows interlocked functions
130910 15:51:27 InnoDB: Compressed tables use zlib 1.2.3
130910 15:51:27 InnoDB: Initializing buffer pool, size = 128.0M
130910 15:51:29 InnoDB: Completed initialization of buffer pool
130910 15:51:29 InnoDB: highest supported file format is Barracuda.
InnoDB: The log sequence number in ibdata files does not match
InnoDB: the log sequence number in the ib_logfiles!
130910 15:51:29  InnoDB: Database was not shut down normally!
InnoDB: Starting crash recovery.
InnoDB: Reading tablespace information from the .ibd files...
InnoDB: Restoring possible half-written data pages from the doublewrite
InnoDB: buffer...
InnoDB: Last MySQL binlog file position 0 410265, file name .\mysql-bin.000006
130910 15:51:34  InnoDB: Waiting for the background threads to start
130910 15:51:35 InnoDB: 1.1.5 started; log sequence number 2298616
130910 15:51:36 [Note] Recovering after a crash using mysql-bin
130910 15:51:36 [Note] Starting crash recovery...
130910 15:51:36 [Note] Crash recovery finished.
130910 15:51:42 [Note] Event Scheduler: Loaded 0 events
130910 15:51:42 [Note] F:\gsb_projet\UwAmp\bin\database\mysql-5.5.9\bin\mysqld.exe: ready for connections.
Version: '5.5.9-log'  socket: ''  port: 3306  MySQL Community Server (GPL)
130912 12:34:36 [Note] Plugin 'FEDERATED' is disabled.
130912 12:34:37 InnoDB: The InnoDB memory heap is disabled
130912 12:34:37 InnoDB: Mutexes and rw_locks use Windows interlocked functions
130912 12:34:37 InnoDB: Compressed tables use zlib 1.2.3
130912 12:34:37 InnoDB: Initializing buffer pool, size = 128.0M
130912 12:34:38 InnoDB: Completed initialization of buffer pool
130912 12:34:38 InnoDB: highest supported file format is Barracuda.
InnoDB: The log sequence number in ibdata files does not match
InnoDB: the log sequence number in the ib_logfiles!
130912 12:34:38  InnoDB: Database was not shut down normally!
InnoDB: Starting crash recovery.
InnoDB: Reading tablespace information from the .ibd files...
InnoDB: Restoring possible half-written data pages from the doublewrite
InnoDB: buffer...
InnoDB: Last MySQL binlog file position 0 410265, file name .\mysql-bin.000006
130912 12:34:48  InnoDB: Waiting for the background threads to start
130912 12:34:49 InnoDB: 1.1.5 started; log sequence number 2298626
130912 12:34:49 [Note] Recovering after a crash using mysql-bin
130912 12:34:49 [Note] Starting crash recovery...
130912 12:34:49 [Note] Crash recovery finished.
